<?xml version="1.0" encoding="UTF-8"?>
<testng-results ignored="0" total="1" passed="1" failed="0" skipped="0">
  <reporter-output>
  </reporter-output>
  <suite started-at="2024-07-27T00:09:14 IST" name="Suite" finished-at="2024-07-27T00:09:24 IST" duration-ms="10179">
    <groups>
    </groups>
    <test started-at="2024-07-27T00:09:14 IST" name="ChromeTest" finished-at="2024-07-27T00:09:24 IST" duration-ms="10179">
      <class name="com.qa.test.TestCase001">
        <test-method is-config="true" signature="beforeTestMethod()[pri:0, instance:com.qa.test.TestCase001@13c9d689]" started-at="2024-07-27T00:09:14 IST" name="beforeTestMethod" finished-at="2024-07-27T00:09:14 IST" duration-ms="165" status="PASS">
          <reporter-output>
          </reporter-output>
        </test-method> <!-- beforeTestMethod -->
        <test-method is-config="true" signature="setupDriver(java.lang.String,java.lang.reflect.Method)[pri:0, instance:com.qa.test.TestCase001@13c9d689]" started-at="2024-07-27T00:09:14 IST" name="setupDriver" finished-at="2024-07-27T00:09:20 IST" duration-ms="6033" status="PASS">
          <params>
            <param index="0">
              <value>
                <![CDATA[chrome]]>
              </value>
            </param>
            <param index="1">
              <value>
                <![CDATA[public void com.qa.test.TestCase001.enter_Credentials()]]>
              </value>
            </param>
          </params>
          <reporter-output>
          </reporter-output>
        </test-method> <!-- setupDriver -->
        <test-method signature="enter_Credentials()[pri:0, instance:com.qa.test.TestCase001@13c9d689]" started-at="2024-07-27T00:09:20 IST" name="enter_Credentials" finished-at="2024-07-27T00:09:24 IST" duration-ms="3572" status="PASS">
          <reporter-output>
          </reporter-output>
        </test-method> <!-- enter_Credentials -->
        <test-method is-config="true" signature="afterMethod(org.testng.ITestResult)[pri:0, instance:com.qa.test.TestCase001@13c9d689]" started-at="2024-07-27T00:09:24 IST" name="afterMethod" finished-at="2024-07-27T00:09:24 IST" duration-ms="192" status="PASS">
          <params>
            <param index="0">
              <value>
                <![CDATA[[TestResult name=enter_Credentials status=SUCCESS method=TestCase001.enter_Credentials()[pri:0, instance:com.qa.test.TestCase001@13c9d689] output={null}]]]>
              </value>
            </param>
          </params>
          <reporter-output>
          </reporter-output>
        </test-method> <!-- afterMethod -->
        <test-method is-config="true" signature="afterTest()[pri:0, instance:com.qa.test.TestCase001@13c9d689]" started-at="2024-07-27T00:09:24 IST" name="afterTest" finished-at="2024-07-27T00:09:24 IST" duration-ms="183" status="PASS">
          <reporter-output>
          </reporter-output>
        </test-method> <!-- afterTest -->
      </class> <!-- com.qa.test.TestCase001 -->
    </test> <!-- ChromeTest -->
  </suite> <!-- Suite -->
</testng-results>
